#
# There is insufficient memory for the Java Runtime Environment to continue.
# Native memory allocation (mmap) failed to map 134217728 bytes for Failed to commit area from 0x0000000081e00000 to 0x0000000089e00000 of length 134217728.
# Possible reasons:
#   The system is out of physical RAM or swap space
#   The process is running with CompressedOops enabled, and the Java Heap may be blocking the growth of the native heap
# Possible solutions:
#   Reduce memory load on the system
#   Increase physical memory or swap space
#   Check if swap backing store is full
#   Decrease Java heap size (-Xmx/-Xms)
#   Decrease number of Java threads
#   Decrease Java thread stack sizes (-Xss)
#   Set larger code cache with -XX:ReservedCodeCacheSize=
# This output file may be truncated or incomplete.
#
#  Out of Memory Error (t:/workspace/open/src/hotspot/os/windows/os_windows.cpp:3221), pid=26588, tid=27504
#
# JRE version:  (10.0.2+13) (build )
# Java VM: Java HotSpot(TM) 64-Bit Server VM (10.0.2+13, mixed mode, aot, tiered, compressed oops, g1 gc, windows-amd64)
# No core dump will be written. Minidumps are not enabled by default on client versions of Windows
#

---------------  S U M M A R Y ------------

Command Line: -javaagent:C:\Program Files\JetBrains\IntelliJ IDEA 2018.2.3\lib\idea_rt.jar=64499:C:\Program Files\JetBrains\IntelliJ IDEA 2018.2.3\bin -Dfile.encoding=UTF-8 nl.timo.store.Main

Host: Intel(R) Core(TM) i5-7200U CPU @ 2.50GHz, 4 cores, 7G,  Windows 10 , 64 bit Build 18362 (10.0.18362.329)
Time: Thu Mar 05 09:59:28 2020 West-Europa (standaardtijd) elapsed time: 0 seconds (0d 0h 0m 0s)

---------------  T H R E A D  ---------------

Current thread (0x000001e739f03800):  JavaThread "Unknown thread" [_thread_in_vm, id=27504, stack(0x0000006793b00000,0x0000006793c00000)]

Stack: [0x0000006793b00000,0x0000006793c00000]
Native frames: (J=compiled Java code, j=interpreted, Vv=VM code, C=native code)
V  [jvm.dll+0x5a01a9]
V  [jvm.dll+0x6bcf31]
V  [jvm.dll+0x6be126]
V  [jvm.dll+0x6be7b3]
V  [jvm.dll+0x234978]
V  [jvm.dll+0x59dac4]
V  [jvm.dll+0x592825]
V  [jvm.dll+0x2f632b]
V  [jvm.dll+0x2f6295]
V  [jvm.dll+0x2f6172]
V  [jvm.dll+0x2f8366]
V  [jvm.dll+0x344293]
V  [jvm.dll+0x3449a6]
V  [jvm.dll+0x344393]
V  [jvm.dll+0x2c4628]
V  [jvm.dll+0x2c5771]
V  [jvm.dll+0x69d1db]
V  [jvm.dll+0x69e9fc]
V  [jvm.dll+0x3519e9]
V  [jvm.dll+0x6856a2]
V  [jvm.dll+0x3ba0c3]
V  [jvm.dll+0x3bc261]
C  [java.exe+0x3531]
C  [java.exe+0xe1af]
C  [java.exe+0xe356]
C  [KERNEL32.DLL+0x17bd4]
C  [ntdll.dll+0x6ced1]


---------------  P R O C E S S  ---------------

Threads class SMR info:
_java_thread_list=0x000001e739d3a330, length=0, elements={
}

Java Threads: ( => current thread )

Other Threads:
  0x000001e739f1d800 GCTaskThread "GC Thread#0" [stack: 0x0000006793c00000,0x0000006793d00000] [id=25724]
  0x000001e739f1f000 GCTaskThread "GC Thread#1" [stack: 0x0000006793d00000,0x0000006793e00000] [id=21856]
  0x000001e739f20800 GCTaskThread "GC Thread#2" [stack: 0x0000006793e00000,0x0000006793f00000] [id=18920]
  0x000001e739f23000 GCTaskThread "GC Thread#3" [stack: 0x0000006793f00000,0x0000006794000000] [id=25948]
  0x000001e739f8d000 ConcurrentGCThread "G1 Main Marker" [stack: 0x0000006794000000,0x0000006794100000] [id=23852]
  0x000001e739f90000 ConcurrentGCThread "G1 Conc#0" [stack: 0x0000006794100000,0x0000006794200000] [id=23376]

[error occurred during error reporting (printing all threads), id 0xe0000002]

VM state:not at safepoint (not fully initialized)

VM Mutex/Monitor currently owned by a thread:  ([mutex/lock_event])
[0x000001e739f02060] Heap_lock - owner thread: 0x000001e739f03800

Heap address: 0x0000000081e00000, size: 2018 MB, Compressed Oops mode: Non-zero based: 0x0000000081e00000
Narrow klass base: 0x0000000000000000, Narrow klass shift: 0

GC Heap History (0 events):
No events

Deoptimization events (0 events):
No events

Classes redefined (0 events):
No events

Internal exceptions (0 events):
No events

Events (0 events):
No events


Dynamic libraries:
0x00007ff7dfaa0000 - 0x00007ff7dfade000 	C:\Program Files\Java\jdk-10.0.2\bin\java.exe
0x00007ffee4f00000 - 0x00007ffee50f0000 	C:\WINDOWS\SYSTEM32\ntdll.dll
0x00007ffee49d0000 - 0x00007ffee4a82000 	C:\WINDOWS\System32\KERNEL32.DLL
0x00007ffee22b0000 - 0x00007ffee2553000 	C:\WINDOWS\System32\KERNELBASE.dll
0x00007ffee47e0000 - 0x00007ffee4883000 	C:\WINDOWS\System32\ADVAPI32.dll
0x00007ffee4200000 - 0x00007ffee429e000 	C:\WINDOWS\System32\msvcrt.dll
0x00007ffee3f80000 - 0x00007ffee4017000 	C:\WINDOWS\System32\sechost.dll
0x00007ffee4c30000 - 0x00007ffee4d50000 	C:\WINDOWS\System32\RPCRT4.dll
0x00007ffee4a90000 - 0x00007ffee4c24000 	C:\WINDOWS\System32\USER32.dll
0x00007ffee1e90000 - 0x00007ffee1eb1000 	C:\WINDOWS\System32\win32u.dll
0x00007ffee42c0000 - 0x00007ffee42e6000 	C:\WINDOWS\System32\GDI32.dll
0x00007ffee2110000 - 0x00007ffee22a4000 	C:\WINDOWS\System32\gdi32full.dll
0x00007ffee2070000 - 0x00007ffee210e000 	C:\WINDOWS\System32\msvcp_win.dll
0x00007ffee1f70000 - 0x00007ffee206a000 	C:\WINDOWS\System32\ucrtbase.dll
0x00007ffed1f30000 - 0x00007ffed21b5000 	C:\WINDOWS\WinSxS\amd64_microsoft.windows.common-controls_6595b64144ccf1df_6.0.18362.657_none_e6c5b579130e3898\COMCTL32.dll
0x00007ffee42f0000 - 0x00007ffee4626000 	C:\WINDOWS\System32\combase.dll
0x00007ffee25c0000 - 0x00007ffee2640000 	C:\WINDOWS\System32\bcryptPrimitives.dll
0x00007ffed59f0000 - 0x00007ffed59fa000 	C:\WINDOWS\SYSTEM32\VERSION.dll
0x00007ffee4e90000 - 0x00007ffee4ebe000 	C:\WINDOWS\System32\IMM32.DLL
0x00007ffebbd60000 - 0x00007ffebbe4f000 	C:\Program Files\Java\jdk-10.0.2\bin\msvcr120.dll
0x00007ffeba620000 - 0x00007ffeba6c6000 	C:\Program Files\Java\jdk-10.0.2\bin\msvcp120.dll
0x00000000631f0000 - 0x0000000063c60000 	C:\Program Files\Java\jdk-10.0.2\bin\server\jvm.dll
0x00007ffee34a0000 - 0x00007ffee34a8000 	C:\WINDOWS\System32\PSAPI.DLL
0x00007ffec00b0000 - 0x00007ffec00b9000 	C:\WINDOWS\SYSTEM32\WSOCK32.dll
0x00007ffee4d50000 - 0x00007ffee4dbf000 	C:\WINDOWS\System32\WS2_32.dll
0x00007ffede3c0000 - 0x00007ffede3e4000 	C:\WINDOWS\SYSTEM32\WINMM.dll
0x00007ffede390000 - 0x00007ffede3bd000 	C:\WINDOWS\SYSTEM32\WINMMBASE.dll
0x00007ffee2f60000 - 0x00007ffee2faa000 	C:\WINDOWS\System32\cfgmgr32.dll
0x00007ffede1c0000 - 0x00007ffede1cf000 	C:\Program Files\Java\jdk-10.0.2\bin\verify.dll
0x00007ffee0710000 - 0x00007ffee0904000 	C:\WINDOWS\SYSTEM32\DBGHELP.DLL
0x00007ffec2260000 - 0x00007ffec228a000 	C:\WINDOWS\SYSTEM32\dbgcore.DLL
0x00007ffecc0c0000 - 0x00007ffecc0e7000 	C:\Program Files\Java\jdk-10.0.2\bin\java.dll
0x00007ffebe1d0000 - 0x00007ffebe1fa000 	C:\Program Files\Java\jdk-10.0.2\bin\instrument.dll
0x00007ffecc250000 - 0x00007ffecc266000 	C:\Program Files\Java\jdk-10.0.2\bin\zip.dll
0x00007ffede1b0000 - 0x00007ffede1ba000 	C:\Program Files\Java\jdk-10.0.2\bin\jimage.dll

dbghelp: loaded successfully - version: 4.0.5 - missing functions: none
symbol engine: initialized successfully - sym options: 0x614 - pdb path: .;C:\Program Files\Java\jdk-10.0.2\bin;C:\WINDOWS\SYSTEM32;C:\WINDOWS\WinSxS\amd64_microsoft.windows.common-controls_6595b64144ccf1df_6.0.18362.657_none_e6c5b579130e3898;C:\Program Files\Java\jdk-10.0.2\bin\server

VM Arguments:
jvm_args: -javaagent:C:\Program Files\JetBrains\IntelliJ IDEA 2018.2.3\lib\idea_rt.jar=64499:C:\Program Files\JetBrains\IntelliJ IDEA 2018.2.3\bin -Dfile.encoding=UTF-8 
java_command: nl.timo.store.Main
java_class_path (initial): C:\xampp\htdocs\store\target\classes;C:\Users\Timo\.m2\repository\mysql\mysql-connector-java\5.1.6\mysql-connector-java-5.1.6.jar
Launcher Type: SUN_STANDARD

Logging:
Log output configuration:
#0: stdout all=warning uptime,level,tags
#1: stderr all=off uptime,level,tags

Environment Variables:
JAVA_HOME=C:\Program Files\Java\jdk-10.0.2
PATH=C:\Program Files (x86)\Intel\iCLS Client\;C:\Program Files (x86)\Common Files\Oracle\Java\javapath;C:\ProgramData\Oracle\Java\javapath;C:\Program Files\Intel\iCLS Client\;C:\WINDOWS\system32;C:\WINDOWS;C:\WINDOWS\System32\Wbem;C:\WINDOWS\System32\WindowsPowerShell\v1.0\;C:\Program Files\Microsoft SQL Server\Client SDK\ODBC\110\Tools\Binn\;C:\Program Files (x86)\Microsoft SQL Server\120\Tools\Binn\;C:\Program Files\Microsoft SQL Server\120\Tools\Binn\;C:\Program Files\Microsoft SQL Server\120\DTS\Binn\;C:\Program Files (x86)\Windows Kits\8.1\Windows Performance Toolkit\;C:\WINDOWS\System32\OpenSSH\;C:\SD\SPSS\JRE\bin;C:\Program Files\nodejs\;C:\Program Files\Git\cmd;C:\Program Files\maven\bin;C:\Program Files\PuTTY\;C:\Program Files (x86)\Intel\Intel(R) Management Engine Components\DAL;C:\Program Files\Intel\Intel(R) Management Engine Components\DAL;C:\Program Files\Intel\WiFi\bin\;C:\Program Files\Common Files\Intel\WirelessCommon\;C:\xampp\php;C:\ProgramData\ComposerSetup\bin;C:\Users\Timo\AppData\Local\Microsoft\WindowsApps;C:\Users\Timo\AppData\Local\atom\bin;C:\Users\Timo\AppData\Roaming\npm;C:\Users\Timo\AppData\Local\GitHubDesktop\bin;C:\Microsoft VS Code\bin;C:\Program Files\Intel\WiFi\bin\;C:\Program Files\Common Files\Intel\WirelessCommon\;C:\Users\Timo\AppData\Local\Microsoft\WindowsApps;C:\Users\Timo\AppData\Roaming\Composer\vendor\bin
USERNAME=Timo
OS=Windows_NT
PROCESSOR_IDENTIFIER=Intel64 Family 6 Model 142 Stepping 9, GenuineIntel



---------------  S Y S T E M  ---------------

OS: Windows 10 , 64 bit Build 18362 (10.0.18362.329)

CPU:total 4 (initial active 4) (2 cores per cpu, 2 threads per core) family 6 model 142 stepping 9, cmov, cx8, fxsr, mmx, sse, sse2, sse3, ssse3, sse4.1, sse4.2, popcnt, avx, avx2, aes, clmul, erms, 3dnowpref, lzcnt, ht, tsc, tscinvbit, bmi1, bmi2, adx, fma

Memory: 4k page, physical 8258212k(517516k free), swap 23725856k(91732k free)

vm_info: Java HotSpot(TM) 64-Bit Server VM (10.0.2+13) for windows-amd64 JRE (10.0.2+13), built on Jun 28 2018 01:57:56 by "mach5one" with MS VC++ 12.0 (VS2013)

END.
